Warning: maven 3.9.9 is already installed and up-to-date.
To reinstall 3.9.9, run:
  brew reinstall maven
Warning: sshpass 1.10 is already installed and up-to-date.
To reinstall 1.10, run:
  brew reinstall sshpass
[INFO] Scanning for projects...
[INFO] ------------------------------------------------------------------------
[INFO] Reactor Build Order:
[INFO] 
[INFO] lab6.2                                                             [pom]
[INFO] common                                                             [jar]
[INFO] client                                                             [jar]
[INFO] server                                                             [jar]
[INFO] 
[INFO] -------------------------< org.example:lab6.2 >-------------------------
[INFO] Building lab6.2 1.0-SNAPSHOT                                       [1/4]
[INFO]   from pom.xml
[INFO] --------------------------------[ pom ]---------------------------------
[INFO] 
[INFO] --- clean:3.2.0:clean (default-clean) @ lab6.2 ---
[INFO] 
[INFO] -------------------------< org.example:common >-------------------------
[INFO] Building common 1.0-SNAPSHOT                                       [2/4]
[INFO]   from common/pom.xml
[INFO] --------------------------------[ jar ]---------------------------------
[INFO] 
[INFO] --- clean:3.2.0:clean (default-clean) @ common ---
[INFO] 
[INFO] --- resources:3.3.1:resources (default-resources) @ common ---
[INFO] skip non existing resourceDirectory /Users/andreyburnosov/IdeaProjects/laba7/common/src/main/resources
[INFO] 
[INFO] --- compiler:3.13.0:compile (default-compile) @ common ---
[INFO] Recompiling the module because of changed source code.
[INFO] Compiling 16 source files with javac [debug target 17] to target/classes
[WARNING] location of system modules is not set in conjunction with -source 17
  not setting the location of system modules may lead to class files that cannot run on JDK 17
    --release 17 is recommended instead of -source 17 -target 17 because it sets the location of system modules automatically
[INFO] 
[INFO] --- resources:3.3.1:testResources (default-testResources) @ common ---
[INFO] skip non existing resourceDirectory /Users/andreyburnosov/IdeaProjects/laba7/common/src/test/resources
[INFO] 
[INFO] --- compiler:3.13.0:testCompile (default-testCompile) @ common ---
[INFO] No sources to compile
[INFO] 
[INFO] --- surefire:3.2.5:test (default-test) @ common ---
[INFO] No tests to run.
[INFO] 
[INFO] --- jar:3.4.1:jar (default-jar) @ common ---
[INFO] Building jar: /Users/andreyburnosov/IdeaProjects/laba7/common/target/common-1.0-SNAPSHOT.jar
[INFO] 
[INFO] -------------------------< org.example:client >-------------------------
[INFO] Building client 1.0-SNAPSHOT                                       [3/4]
[INFO]   from client/pom.xml
[INFO] --------------------------------[ jar ]---------------------------------
[INFO] 
[INFO] --- clean:3.2.0:clean (default-clean) @ client ---
[INFO] 
[INFO] --- resources:3.3.1:resources (default-resources) @ client ---
[INFO] skip non existing resourceDirectory /Users/andreyburnosov/IdeaProjects/laba7/client/src/main/resources
[INFO] 
[INFO] --- compiler:3.13.0:compile (default-compile) @ client ---
[INFO] Recompiling the module because of changed dependency.
[INFO] Compiling 7 source files with javac [debug target 17] to target/classes
[WARNING] location of system modules is not set in conjunction with -source 17
  not setting the location of system modules may lead to class files that cannot run on JDK 17
    --release 17 is recommended instead of -source 17 -target 17 because it sets the location of system modules automatically
[INFO] 
[INFO] --- resources:3.3.1:testResources (default-testResources) @ client ---
[INFO] skip non existing resourceDirectory /Users/andreyburnosov/IdeaProjects/laba7/client/src/test/resources
[INFO] 
[INFO] --- compiler:3.13.0:testCompile (default-testCompile) @ client ---
[INFO] No sources to compile
[INFO] 
[INFO] --- surefire:3.2.5:test (default-test) @ client ---
[INFO] No tests to run.
[INFO] 
[INFO] --- jar:3.4.1:jar (default-jar) @ client ---
[INFO] Building jar: /Users/andreyburnosov/IdeaProjects/laba7/client/target/client-1.0-SNAPSHOT.jar
[INFO] 
[INFO] --- shade:3.2.4:shade (default) @ client ---
[INFO] Including org.example:common:jar:1.0-SNAPSHOT in the shaded jar.
[WARNING] client-1.0-SNAPSHOT.jar, common-1.0-SNAPSHOT.jar define 1 overlapping resource: 
[WARNING]   - META-INF/MANIFEST.MF
[WARNING] maven-shade-plugin has detected that some class files are
[WARNING] present in two or more JARs. When this happens, only one
[WARNING] single version of the class is copied to the uber jar.
[WARNING] Usually this is not harmful and you can skip these warnings,
[WARNING] otherwise try to manually exclude artifacts based on
[WARNING] mvn dependency:tree -Ddetail=true and the above output.
[WARNING] See http://maven.apache.org/plugins/maven-shade-plugin/
[INFO] Replacing original artifact with shaded artifact.
[INFO] Replacing /Users/andreyburnosov/IdeaProjects/laba7/client/target/client-1.0-SNAPSHOT.jar with /Users/andreyburnosov/IdeaProjects/laba7/client/target/client-1.0-SNAPSHOT-shaded.jar
[INFO] Dependency-reduced POM written at: /Users/andreyburnosov/IdeaProjects/laba7/client/dependency-reduced-pom.xml
[INFO] 
[INFO] -------------------------< org.example:server >-------------------------
[INFO] Building server 1.0-SNAPSHOT                                       [4/4]
[INFO]   from server/pom.xml
[INFO] --------------------------------[ jar ]---------------------------------
[INFO] 
[INFO] --- clean:3.2.0:clean (default-clean) @ server ---
[INFO] 
[INFO] --- resources:3.3.1:resources (default-resources) @ server ---
[INFO] skip non existing resourceDirectory /Users/andreyburnosov/IdeaProjects/laba7/server/src/main/resources
[INFO] 
[INFO] --- compiler:3.13.0:compile (default-compile) @ server ---
[INFO] Recompiling the module because of changed dependency.
[INFO] Compiling 31 source files with javac [debug target 17] to target/classes
[WARNING] location of system modules is not set in conjunction with -source 17
  not setting the location of system modules may lead to class files that cannot run on JDK 17
    --release 17 is recommended instead of -source 17 -target 17 because it sets the location of system modules automatically
[INFO] /Users/andreyburnosov/IdeaProjects/laba7/server/src/main/java/org/example/UDPServer.java: Some input files use or override a deprecated API.
[INFO] /Users/andreyburnosov/IdeaProjects/laba7/server/src/main/java/org/example/UDPServer.java: Recompile with -Xlint:deprecation for details.
[INFO] 
[INFO] --- resources:3.3.1:testResources (default-testResources) @ server ---
[INFO] skip non existing resourceDirectory /Users/andreyburnosov/IdeaProjects/laba7/server/src/test/resources
[INFO] 
[INFO] --- compiler:3.13.0:testCompile (default-testCompile) @ server ---
[INFO] No sources to compile
[INFO] 
[INFO] --- surefire:3.2.5:test (default-test) @ server ---
[INFO] No tests to run.
[INFO] 
[INFO] --- jar:3.4.1:jar (default-jar) @ server ---
[INFO] Building jar: /Users/andreyburnosov/IdeaProjects/laba7/server/target/server-1.0-SNAPSHOT.jar
[INFO] 
[INFO] --- shade:3.2.4:shade (default) @ server ---
[INFO] Including org.example:common:jar:1.0-SNAPSHOT in the shaded jar.
[INFO] Including com.opencsv:opencsv:jar:5.9 in the shaded jar.
[INFO] Including org.apache.commons:commons-lang3:jar:3.13.0 in the shaded jar.
[INFO] Including org.apache.commons:commons-text:jar:1.11.0 in the shaded jar.
[INFO] Including commons-beanutils:commons-beanutils:jar:1.9.4 in the shaded jar.
[INFO] Including commons-logging:commons-logging:jar:1.2 in the shaded jar.
[INFO] Including commons-collections:commons-collections:jar:3.2.2 in the shaded jar.
[INFO] Including org.apache.commons:commons-collections4:jar:4.4 in the shaded jar.
[INFO] Including ch.qos.logback:logback-classic:jar:1.2.10 in the shaded jar.
[INFO] Including ch.qos.logback:logback-core:jar:1.2.10 in the shaded jar.
[INFO] Including org.slf4j:slf4j-api:jar:1.7.32 in the shaded jar.
[INFO] Including org.postgresql:postgresql:jar:42.7.4 in the shaded jar.
[INFO] Including org.checkerframework:checker-qual:jar:3.42.0 in the shaded jar.
[WARNING] checker-qual-3.42.0.jar, common-1.0-SNAPSHOT.jar, commons-beanutils-1.9.4.jar, commons-collections-3.2.2.jar, commons-collections4-4.4.jar, commons-lang3-3.13.0.jar, commons-logging-1.2.jar, commons-text-1.11.0.jar, logback-classic-1.2.10.jar, logback-core-1.2.10.jar, opencsv-5.9.jar, postgresql-42.7.4.jar, server-1.0-SNAPSHOT.jar, slf4j-api-1.7.32.jar define 1 overlapping resource: 
[WARNING]   - META-INF/MANIFEST.MF
[WARNING] checker-qual-3.42.0.jar, commons-beanutils-1.9.4.jar, commons-collections-3.2.2.jar, commons-collections4-4.4.jar, commons-lang3-3.13.0.jar, commons-logging-1.2.jar, commons-text-1.11.0.jar define 1 overlapping resource: 
[WARNING]   - META-INF/LICENSE.txt
[WARNING] commons-beanutils-1.9.4.jar, commons-collections-3.2.2.jar, commons-collections4-4.4.jar, commons-lang3-3.13.0.jar, commons-logging-1.2.jar, commons-text-1.11.0.jar define 1 overlapping resource: 
[WARNING]   - META-INF/NOTICE.txt
[WARNING] maven-shade-plugin has detected that some class files are
[WARNING] present in two or more JARs. When this happens, only one
[WARNING] single version of the class is copied to the uber jar.
[WARNING] Usually this is not harmful and you can skip these warnings,
[WARNING] otherwise try to manually exclude artifacts based on
[WARNING] mvn dependency:tree -Ddetail=true and the above output.
[WARNING] See http://maven.apache.org/plugins/maven-shade-plugin/
[INFO] Replacing original artifact with shaded artifact.
[INFO] Replacing /Users/andreyburnosov/IdeaProjects/laba7/server/target/server-1.0-SNAPSHOT.jar with /Users/andreyburnosov/IdeaProjects/laba7/server/target/server-1.0-SNAPSHOT-shaded.jar
[INFO] Dependency-reduced POM written at: /Users/andreyburnosov/IdeaProjects/laba7/server/dependency-reduced-pom.xml
[INFO] ------------------------------------------------------------------------
[INFO] Reactor Summary for lab6.2 1.0-SNAPSHOT:
[INFO] 
[INFO] lab6.2 ............................................. SUCCESS [  0.098 s]
[INFO] common ............................................. SUCCESS [  1.032 s]
[INFO] client ............................................. SUCCESS [  0.340 s]
[INFO] server ............................................. SUCCESS [  0.710 s]
[INFO] ------------------------------------------------------------------------
[INFO] BUILD SUCCESS
[INFO] ------------------------------------------------------------------------
[INFO] Total time:  2.243 s
[INFO] Finished at: 2024-09-23T12:03:24+03:00
[INFO] ------------------------------------------------------------------------
[INFO] Scanning for projects...
[INFO] ------------------------------------------------------------------------
[INFO] Reactor Build Order:
[INFO] 
[INFO] lab6.2                                                             [pom]
[INFO] common                                                             [jar]
[INFO] client                                                             [jar]
[INFO] server                                                             [jar]
[INFO] 
[INFO] -------------------------< org.example:lab6.2 >-------------------------
[INFO] Building lab6.2 1.0-SNAPSHOT                                       [1/4]
[INFO]   from pom.xml
[INFO] --------------------------------[ pom ]---------------------------------
[INFO] 
[INFO] --- clean:3.2.0:clean (default-clean) @ lab6.2 ---
[INFO] 
[INFO] -------------------------< org.example:common >-------------------------
[INFO] Building common 1.0-SNAPSHOT                                       [2/4]
[INFO]   from common/pom.xml
[INFO] --------------------------------[ jar ]---------------------------------
[INFO] 
[INFO] --- clean:3.2.0:clean (default-clean) @ common ---
[INFO] Deleting /Users/andreyburnosov/IdeaProjects/laba7/common/target
[INFO] 
[INFO] -------------------------< org.example:client >-------------------------
[INFO] Building client 1.0-SNAPSHOT                                       [3/4]
[INFO]   from client/pom.xml
[INFO] --------------------------------[ jar ]---------------------------------
[INFO] 
[INFO] --- clean:3.2.0:clean (default-clean) @ client ---
[INFO] Deleting /Users/andreyburnosov/IdeaProjects/laba7/client/target
[INFO] 
[INFO] -------------------------< org.example:server >-------------------------
[INFO] Building server 1.0-SNAPSHOT                                       [4/4]
[INFO]   from server/pom.xml
[INFO] --------------------------------[ jar ]---------------------------------
[INFO] 
[INFO] --- clean:3.2.0:clean (default-clean) @ server ---
[INFO] Deleting /Users/andreyburnosov/IdeaProjects/laba7/server/target
[INFO] ------------------------------------------------------------------------
[INFO] Reactor Summary for lab6.2 1.0-SNAPSHOT:
[INFO] 
[INFO] lab6.2 ............................................. SUCCESS [  0.087 s]
[INFO] common ............................................. SUCCESS [  0.005 s]
[INFO] client ............................................. SUCCESS [  0.005 s]
[INFO] server ............................................. SUCCESS [  0.006 s]
[INFO] ------------------------------------------------------------------------
[INFO] BUILD SUCCESS
[INFO] ------------------------------------------------------------------------
[INFO] Total time:  0.162 s
[INFO] Finished at: 2024-09-23T12:03:28+03:00
[INFO] ------------------------------------------------------------------------
